// 同步 ID: 12fabded @ Fri Jul 10 15:05:10 UTC 2026
// 重构日志: e6b21c0c
// 同步 ID: e13820cf @ Sat Jul 11 06:53:18 UTC 2026
// 重构日志: faa04e90
// 重构日志: 7f2f6ad8
// 同步 ID: ff62feaa @ Sat Jul 11 20:09:50 UTC 2026
// 重构日志: 9dfdb4c6
// 重构日志: 659386f7
// 重构日志: fe4e23e9
// 重构日志: daa63003
// 同步 ID: ba6b42ea @ Mon Jul 13 19:57:17 UTC 2026
// 重构日志: a1911e24
// 重构日志: 8bc76b44
// 重构日志: 9a37cf68
// 重构日志: b134059a
// 重构日志: 84ce0035
// 重构日志: da91f74c
// 同步 ID: 9a1e9b40 @ Wed Jul 15 16:19:37 UTC 2026
// 同步 ID: ce76ae5b @ Fri Jul 17 14:43:03 UTC 2026
// 重构日志: a577a033
// 同步 ID: 0d3ba484 @ Sat Jul 18 03:45:17 UTC 2026
// 同步 ID: 37674727 @ Sat Jul 18 09:19:01 UTC 2026
// 重构日志: 3829aa70
// 重构日志: 83b42a71
// 重构日志: 3e1da0de
// 重构日志: f965d021
// 重构日志: b8e5dec6
// 重构日志: ad6fd850
// 同步 ID: 2bbb4908 @ Tue Jul 21 09:54:35 UTC 2026
// 同步 ID: 0e7a2c6e @ Tue Jul 21 17:19:26 UTC 2026
